<?xml version="1.0" encoding="UTF-8"?>
<!-- Generated by org.testng.reporters.JUnitReportReporter -->
<testsuite skipped="0" hostname="DESKTOP-4128O7R" name="com.model.maven.Log44jmaven" tests="4" failures="0" timestamp="16 Feb 2019 11:01:39 GMT" time="66.457" errors="0">
  <testcase name="openbrowser" time="3.404" classname="com.model.maven.Log44jmaven"/>
  <testcase name="enterurl" time="3.761" classname="com.model.maven.Log44jmaven"/>
  <testcase name="loginwithvalidds" time="56.852" classname="com.model.maven.Log44jmaven"/>
  <testcase name="loginwithinvalidds" time="2.440" classname="com.model.maven.Log44jmaven"/>
</testsuite> <!-- com.model.maven.Log44jmaven -->
